<?xml version="1.0" encoding="UTF-8"?>
<!-- Generated by org.testng.reporters.JUnitReportReporter -->
<testsuite hostname="SAIMULE" failures="0" tests="1" name="StepDefinition.Sample1Scenario" time="0.007" errors="0" timestamp="2025-03-07T12:43:01 IST" skipped="0">
  <testcase classname="StepDefinition.Sample1Scenario" name="f" time="0.007"/>
</testsuite> <!-- StepDefinition.Sample1Scenario -->
