<?xml version="1.0" encoding="UTF-8"?>
<!-- Generated by org.testng.reporters.JUnitReportReporter -->
<testsuite hostname="SAIMULE" failures="0" tests="3" name="TestCaseDemo.Test2" time="4.344" errors="0" timestamp="2025-03-06T17:06:46 IST" skipped="0">
  <testcase classname="TestCaseDemo.Test2" name="checkTitle" time="0.165"/>
  <testcase classname="TestCaseDemo.Test2" name="loginFunctionality" time="2.477"/>
  <testcase classname="TestCaseDemo.Test2" name="checkMyInfo" time="1.702"/>
</testsuite> <!-- TestCaseDemo.Test2 -->
