<?xml version="1.0" encoding="UTF-8"?>
<!-- Generated by org.testng.reporters.JUnitReportReporter -->
<testsuite hostname="SAIMULE" failures="0" tests="1" name="TestRunner.TestRunner" time="13.457" errors="0" timestamp="2025-03-11T11:12:50 IST" skipped="0">
  <testcase classname="TestRunner.TestRunner" name="runScenario" time="13.457"/>
</testsuite> <!-- TestRunner.TestRunner -->
